<?xml version="1.0" encoding="UTF-8"?>
<testsuite name="com.codevumc.codev_backend.CoDevBackEndApplicationTests" tests="1" skipped="0" failures="0" errors="0" timestamp="2023-01-10T04:18:21" hostname="LAPTOP-5D6CMVVF" time="1.25">
  <properties/>
  <testcase name="contextLoads()" classname="com.codevumc.codev_backend.CoDevBackEndApplicationTests" time="1.25"/>
  <system-out><![CDATA[13:18:11.592 [Test worker] DEBUG org.springframework.test.context.BootstrapUtils - Instantiating CacheAwareContextLoaderDelegate from class [org.springframework.test.context.cache.DefaultCacheAwareContextLoaderDelegate]
13:18:11.617 [Test worker] DEBUG org.springframework.test.context.BootstrapUtils - Instantiating BootstrapContext using constructor [public org.springframework.test.context.support.DefaultBootstrapContext(java.lang.Class,org.springframework.test.context.CacheAwareContextLoaderDelegate)]
13:18:11.700 [Test worker] DEBUG org.springframework.test.context.BootstrapUtils - Instantiating TestContextBootstrapper for test class [com.codevumc.codev_backend.CoDevBackEndApplicationTests] from class [org.springframework.boot.test.context.SpringBootTestContextBootstrapper]
13:18:11.734 [Test worker] INFO org.springframework.boot.test.context.SpringBootTestContextBootstrapper - Neither @ContextConfiguration nor @ContextHierarchy found for test class [com.codevumc.codev_backend.CoDevBackEndApplicationTests], using SpringBootContextLoader
13:18:11.745 [Test worker] DEBUG org.springframework.test.context.support.AbstractContextLoader - Did not detect default resource location for test class [com.codevumc.codev_backend.CoDevBackEndApplicationTests]: class path resource [com/codevumc/codev_backend/CoDevBackEndApplicationTests-context.xml] does not exist
13:18:11.746 [Test worker] DEBUG org.springframework.test.context.support.AbstractContextLoader - Did not detect default resource location for test class [com.codevumc.codev_backend.CoDevBackEndApplicationTests]: class path resource [com/codevumc/codev_backend/CoDevBackEndApplicationTestsContext.groovy] does not exist
13:18:11.747 [Test worker] INFO org.springframework.test.context.support.AbstractContextLoader - Could not detect default resource locations for test class [com.codevumc.codev_backend.CoDevBackEndApplicationTests]: no resource found for suffixes {-context.xml, Context.groovy}.
13:18:11.749 [Test worker] INFO org.springframework.test.context.support.AnnotationConfigContextLoaderUtils - Could not detect default configuration classes for test class [com.codevumc.codev_backend.CoDevBackEndApplicationTests]: CoDevBackEndApplicationTests does not declare any static, non-private, non-final, nested classes annotated with @Configuration.
13:18:11.853 [Test worker] DEBUG org.springframework.test.context.support.ActiveProfilesUtils - Could not find an 'annotation declaring class' for annotation type [org.springframework.test.context.ActiveProfiles] and class [com.codevumc.codev_backend.CoDevBackEndApplicationTests]
13:18:11.981 [Test worker] DEBUG org.springframework.context.annotation.ClassPathScanningCandidateComponentProvider - Identified candidate component class: file [C:\Users\zxz46\IdeaProjects\CoDEV_BackEnd\build\classes\java\main\com\codevumc\codev_backend\CoDevBackEndApplication.class]
13:18:11.983 [Test worker] INFO org.springframework.boot.test.context.SpringBootTestContextBootstrapper - Found @SpringBootConfiguration com.codevumc.codev_backend.CoDevBackEndApplication for test class com.codevumc.codev_backend.CoDevBackEndApplicationTests
13:18:12.215 [Test worker] DEBUG org.springframework.boot.test.context.SpringBootTestContextBootstrapper - @TestExecutionListeners is not present for class [com.codevumc.codev_backend.CoDevBackEndApplicationTests]: using defaults.
13:18:12.216 [Test worker] INFO org.springframework.boot.test.context.SpringBootTestContextBootstrapper - Loaded default TestExecutionListener class names from location [META-INF/spring.factories]: [org.springframework.security.test.context.support.WithSecurityContextTestExecutionListener, org.springframework.security.test.context.support.ReactorContextTestExecutionListener, org.springframework.boot.test.autoconfigure.restdocs.RestDocsTestExecutionListener, org.springframework.boot.test.autoconfigure.web.client.MockRestServiceServerResetTestExecutionListener, org.springframework.boot.test.autoconfigure.web.servlet.MockMvcPrintOnlyOnFailureTestExecutionListener, org.springframework.boot.test.autoconfigure.web.servlet.WebDriverTestExecutionListener, org.springframework.boot.test.autoconfigure.webservices.client.MockWebServiceServerTestExecutionListener, org.springframework.boot.test.mock.mockito.MockitoTestExecutionListener, org.springframework.boot.test.mock.mockito.ResetMocksTestExecutionListener, org.springframework.test.context.web.ServletTestExecutionListener, org.springframework.test.context.support.DirtiesContextBeforeModesTestExecutionListener, org.springframework.test.context.event.ApplicationEventsTestExecutionListener, org.springframework.test.context.support.DependencyInjectionTestExecutionListener, org.springframework.test.context.support.DirtiesContextTestExecutionListener, org.springframework.test.context.transaction.TransactionalTestExecutionListener, org.springframework.test.context.jdbc.SqlScriptsTestExecutionListener, org.springframework.test.context.event.EventPublishingTestExecutionListener]
13:18:12.261 [Test worker] INFO org.springframework.boot.test.context.SpringBootTestContextBootstrapper - Using TestExecutionListeners: [org.springframework.test.context.web.ServletTestExecutionListener@4cc61eb1, org.springframework.test.context.support.DirtiesContextBeforeModesTestExecutionListener@2d8f2f3a, org.springframework.test.context.event.ApplicationEventsTestExecutionListener@2024293c, org.springframework.boot.test.mock.mockito.MockitoTestExecutionListener@7048f722, org.springframework.boot.test.autoconfigure.SpringBootDependencyInjectionTestExecutionListener@c074c0c, org.springframework.test.context.support.DirtiesContextTestExecutionListener@58a55449, org.springframework.test.context.transaction.TransactionalTestExecutionListener@5949eba8, org.springframework.test.context.jdbc.SqlScriptsTestExecutionListener@6e0ff644, org.springframework.security.test.context.support.WithSecurityContextTestExecutionListener@58dea0a5, org.springframework.test.context.event.EventPublishingTestExecutionListener@2a2bb0eb, org.springframework.security.test.context.support.ReactorContextTestExecutionListener@3c291aad, org.springframework.boot.test.autoconfigure.restdocs.RestDocsTestExecutionListener@2d0566ba, org.springframework.boot.test.autoconfigure.web.client.MockRestServiceServerResetTestExecutionListener@733037, org.springframework.boot.test.autoconfigure.web.servlet.MockMvcPrintOnlyOnFailureTestExecutionListener@7728643a, org.springframework.boot.test.autoconfigure.web.servlet.WebDriverTestExecutionListener@320e400, org.springframework.boot.test.autoconfigure.webservices.client.MockWebServiceServerTestExecutionListener@5167268, org.springframework.boot.test.mock.mockito.ResetMocksTestExecutionListener@1cfd1875]
13:18:12.272 [Test worker] DEBUG org.springframework.test.context.support.AbstractDirtiesContextTestExecutionListener - Before test class: context [DefaultTestContext@751e664e testClass = CoDevBackEndApplicationTests, testInstance = [null], testMethod = [null], testException = [null], mergedContextConfiguration = [WebMergedContextConfiguration@160c3ec1 testClass = CoDevBackEndApplicationTests, locations = '{}', classes = '{class com.codevumc.codev_backend.CoDevBackEndApplication}', contextInitializerClasses = '[]', activeProfiles = '{}', propertySourceLocations = '{}', propertySourceProperties = '{org.springframework.boot.test.context.SpringBootTestContextBootstrapper=true}', contextCustomizers = set[org.springframework.boot.test.autoconfigure.actuate.metrics.MetricsExportContextCustomizerFactory$DisableMetricExportContextCustomizer@1cbf6e72, org.springframework.boot.test.autoconfigure.properties.PropertyMappingContextCustomizer@0, org.springframework.boot.test.autoconfigure.web.servlet.WebDriverContextCustomizerFactory$Customizer@56a4479a, org.springframework.boot.test.context.filter.ExcludeFilterContextCustomizer@4504d271, org.springframework.boot.test.json.DuplicateJsonObjectContextCustomizerFactory$DuplicateJsonObjectContextCustomizer@2b5825fa, org.springframework.boot.test.mock.mockito.MockitoContextCustomizer@0, org.springframework.boot.test.web.client.TestRestTemplateContextCustomizer@42f48531, org.springframework.boot.test.context.SpringBootTestArgs@1, org.springframework.boot.test.context.SpringBootTestWebEnvironment@77659b30], resourceBasePath = 'src/main/webapp', contextLoader = 'org.springframework.boot.test.context.SpringBootContextLoader', parent = [null]], attributes = map['org.springframework.test.context.web.ServletTestExecutionListener.activateListener' -> true]], class annotated with @DirtiesContext [false] with mode [null].

  .   ____          _            __ _ _
 /\\ / ___'_ __ _ _(_)_ __  __ _ \ \ \ \
( ( )\___ | '_ | '_| | '_ \/ _` | \ \ \ \
 \\/  ___)| |_)| | | | | || (_| |  ) ) ) )
  '  |____| .__|_| |_|_| |_\__, | / / / /
 =========|_|==============|___/=/_/_/_/
 :: Spring Boot ::       (v2.7.8-SNAPSHOT)

2023-01-10 13:18:12.966  INFO 25812 --- [    Test worker] c.c.c.CoDevBackEndApplicationTests       : Starting CoDevBackEndApplicationTests using Java 11.0.12 on LAPTOP-5D6CMVVF with PID 25812 (started by zxz46 in C:\Users\zxz46\IdeaProjects\CoDEV_BackEnd)
2023-01-10 13:18:12.968  INFO 25812 --- [    Test worker] c.c.c.CoDevBackEndApplicationTests       : No active profile set, falling back to 1 default profile: "default"
2023-01-10 13:18:17.798  INFO 25812 --- [    Test worker] o.s.s.web.DefaultSecurityFilterChain     : Will secure any request with [org.springframework.security.web.session.DisableEncodeUrlFilter@1c5d3a37, org.springframework.security.web.context.request.async.WebAsyncManagerIntegrationFilter@7e3d2ebd, org.springframework.security.web.context.SecurityContextPersistenceFilter@601d6622, org.springframework.security.web.header.HeaderWriterFilter@1ee5632d, org.springframework.security.web.authentication.logout.LogoutFilter@4f1afe8f, com.codevumc.codev_backend.security.JwtAuthenticationFilter@2b43f314, org.springframework.security.web.savedrequest.RequestCacheAwareFilter@2db86a7c, org.springframework.security.web.servletapi.SecurityContextHolderAwareRequestFilter@261f359f, org.springframework.security.web.authentication.AnonymousAuthenticationFilter@3a4a5f3c, org.springframework.security.web.session.SessionManagementFilter@6aa7e176, org.springframework.security.web.access.ExceptionTranslationFilter@67328bcb, org.springframework.security.web.access.intercept.FilterSecurityInterceptor@7da1e005]
2023-01-10 13:18:17.862  WARN 25812 --- [    Test worker] o.s.s.c.a.web.builders.WebSecurity       : You are asking Spring Security to ignore Ant [pattern='/h2-console/**']. This is not recommended -- please use permitAll via HttpSecurity#authorizeHttpRequests instead.
2023-01-10 13:18:17.863  INFO 25812 --- [    Test worker] o.s.s.web.DefaultSecurityFilterChain     : Will not secure Ant [pattern='/h2-console/**']
2023-01-10 13:18:17.864  WARN 25812 --- [    Test worker] o.s.s.c.a.web.builders.WebSecurity       : You are asking Spring Security to ignore org.springframework.boot.autoconfigure.security.servlet.StaticResourceRequest$StaticResourceRequestMatcher@72c9ebfa. This is not recommended -- please use permitAll via HttpSecurity#authorizeHttpRequests instead.
2023-01-10 13:18:17.865  INFO 25812 --- [    Test worker] o.s.s.web.DefaultSecurityFilterChain     : Will not secure org.springframework.boot.autoconfigure.security.servlet.StaticResourceRequest$StaticResourceRequestMatcher@72c9ebfa
2023-01-10 13:18:21.007  INFO 25812 --- [    Test worker] c.c.c.CoDevBackEndApplicationTests       : Started CoDevBackEndApplicationTests in 8.658 seconds (JVM running for 12.784)
]]></system-out>
  <system-err><![CDATA[]]></system-err>
</testsuite>
